<?xml version="1.0" encoding="UTF-8"?>
<testsuite xmlns:xsi="http://www.w3.org/2001/XMLSchema-instance" xsi:noNamespaceSchemaLocation="https://maven.apache.org/surefire/maven-surefire-plugin/xsd/surefire-test-report-3.0.xsd" version="3.0" name="TestSuite" time="43.93" tests="4" errors="0" skipped="0" failures="0">
  <properties>
[...]
</properties>
  <testcase name="runScenario[&quot;Search for some website and Click the first link&quot;, &quot;Search Functionality of the Google Search Engine&quot;](1)" classname="runner.TestRunner" time="12.641">
    <system-out><![CDATA[...
... TestNG 7.9.0 by Cédric Beust (cedric@beust.com)
...


Scenario Outline: Search for some website and Click the first link              # src/test/resources/features/mainpage.feature:17
  Given I am on the Google Website                                              # org.example.stepdefs.MainPageStepDef.i_am_in_the_OpenCart_Login_page()
  Given I have entered "github" in the search box                               # org.example.stepdefs.MainPageStepDef.iHaveEnteredInTheSearchBox(java.lang.String)
  When I click on the Search button                                             # org.example.stepdefs.MainPageStepDef.i_click_on_the_search_button()
https://github.com
  Then I should see the expected "https://github.com" to be first in the result # org.example.stepdefs.MainPageStepDef.iShouldSeeTheExpectedToBeFirstInTheResult(java.lang.String)
]]></system-out>
    <system-err><![CDATA[SLF4J: Failed to load class "org.slf4j.impl.StaticLoggerBinder".
SLF4J: Defaulting to no-operation (NOP) logger implementation
SLF4J: See http://www.slf4j.org/codes.html#StaticLoggerBinder for further details.
]]></system-err>
  </testcase>
  <testcase name="runScenario[&quot;Search for some website and Click the first link&quot;, &quot;Search Functionality of the Google Search Engine&quot;](2)" classname="runner.TestRunner" time="8.272">
    <system-out><![CDATA[
Scenario Outline: Search for some website and Click the first link                  # src/test/resources/features/mainpage.feature:18
  Given I am on the Google Website                                                  # org.example.stepdefs.MainPageStepDef.i_am_in_the_OpenCart_Login_page()
  Given I have entered "amazon" in the search box                                   # org.example.stepdefs.MainPageStepDef.iHaveEnteredInTheSearchBox(java.lang.String)
  When I click on the Search button                                                 # org.example.stepdefs.MainPageStepDef.i_click_on_the_search_button()
https://www.amazon.com
  Then I should see the expected "https://www.amazon.com" to be first in the result # org.example.stepdefs.MainPageStepDef.iShouldSeeTheExpectedToBeFirstInTheResult(java.lang.String)
]]></system-out>
  </testcase>
  <testcase name="runScenario[&quot;Search for some website and Click the first link&quot;, &quot;Search Functionality of the Google Search Engine&quot;](3)" classname="runner.TestRunner" time="9.366">
    <system-out><![CDATA[
Scenario Outline: Search for some website and Click the first link                     # src/test/resources/features/mainpage.feature:19
  Given I am on the Google Website                                                     # org.example.stepdefs.MainPageStepDef.i_am_in_the_OpenCart_Login_page()
  Given I have entered "stackoverflow" in the search box                               # org.example.stepdefs.MainPageStepDef.iHaveEnteredInTheSearchBox(java.lang.String)
  When I click on the Search button                                                    # org.example.stepdefs.MainPageStepDef.i_click_on_the_search_button()
https://stackoverflow.com
  Then I should see the expected "https://stackoverflow.com" to be first in the result # org.example.stepdefs.MainPageStepDef.iShouldSeeTheExpectedToBeFirstInTheResult(java.lang.String)
]]></system-out>
  </testcase>
  <testcase name="runScenario[&quot;Search for some website and Click the first link&quot;, &quot;Search Functionality of the Google Search Engine&quot;](4)" classname="runner.TestRunner" time="8.472">
    <system-out><![CDATA[
Scenario Outline: Search for some website and Click the first link                # src/test/resources/features/mainpage.feature:20
  Given I am on the Google Website                                                # org.example.stepdefs.MainPageStepDef.i_am_in_the_OpenCart_Login_page()
  Given I have entered "java" in the search box                                   # org.example.stepdefs.MainPageStepDef.iHaveEnteredInTheSearchBox(java.lang.String)
  When I click on the Search button                                               # org.example.stepdefs.MainPageStepDef.i_click_on_the_search_button()
https://www.java.com
  Then I should see the expected "https://www.java.com" to be first in the result # org.example.stepdefs.MainPageStepDef.iShouldSeeTheExpectedToBeFirstInTheResult(java.lang.String)
]]></system-out>
  </testcase>
</testsuite>