<?xml version="1.0" encoding="UTF-8"?>
<testng-results ignored="0" total="4" passed="4" failed="0" skipped="0">
  <reporter-output>
  </reporter-output>
  <suite started-at="2024-03-10T01:12:34 HKT" name="Google Search Parallel Suite" finished-at="2024-03-10T01:13:17 HKT" duration-ms="43566">
    <groups>
      <group name="cucumber">
        <method signature="AbstractTestNGCucumberTests.runScenario(io.cucumber.testng.PickleWrapper,io.cucumber.testng.FeatureWrapper)[pri:0, instance:runner.TestRunner@5824a83d]" name="runScenario" class="io.cucumber.testng.AbstractTestNGCucumberTests"/>
      </group> <!-- cucumber -->
    </groups>
    <test started-at="2024-03-10T01:12:34 HKT" name="Cucumber Tests" finished-at="2024-03-10T01:13:17 HKT" duration-ms="43566">
      <class name="runner.TestRunner">
        <test-method is-config="true" signature="setUpClass(org.testng.ITestContext)[pri:0, instance:runner.TestRunner@5824a83d]" started-at="2024-03-10T01:12:34 HKT" name="setUpClass" finished-at="2024-03-10T01:12:34 HKT" duration-ms="236" status="PASS">
          <params>
            <param index="0">
              <value>
                <![CDATA[org.testng.TestRunner@24959ca4]]>
              </value>
            </param>
          </params>
          <reporter-output>
          </reporter-output>
        </test-method> <!-- setUpClass -->
        <test-method signature="runScenario(io.cucumber.testng.PickleWrapper,io.cucumber.testng.FeatureWrapper)[pri:0, instance:runner.TestRunner@5824a83d]" started-at="2024-03-10T01:12:34 HKT" name="runScenario" description="Runs Cucumber Scenarios" data-provider="scenarios" finished-at="2024-03-10T01:12:47 HKT" duration-ms="12638" status="PASS">
          <params>
            <param index="0">
              <value>
                <![CDATA["Search for some website and Click the first link"]]>
              </value>
            </param>
            <param index="1">
              <value>
                <![CDATA["Search Functionality of the Google Search Engine"]]>
              </value>
            </param>
          </params>
          <reporter-output>
          </reporter-output>
        </test-method> <!-- runScenario -->
        <test-method signature="runScenario(io.cucumber.testng.PickleWrapper,io.cucumber.testng.FeatureWrapper)[pri:0, instance:runner.TestRunner@5824a83d]" started-at="2024-03-10T01:12:47 HKT" name="runScenario" description="Runs Cucumber Scenarios" data-provider="scenarios" finished-at="2024-03-10T01:12:55 HKT" duration-ms="8273" status="PASS">
          <params>
            <param index="0">
              <value>
                <![CDATA["Search for some website and Click the first link"]]>
              </value>
            </param>
            <param index="1">
              <value>
                <![CDATA["Search Functionality of the Google Search Engine"]]>
              </value>
            </param>
          </params>
          <reporter-output>
          </reporter-output>
        </test-method> <!-- runScenario -->
        <test-method signature="runScenario(io.cucumber.testng.PickleWrapper,io.cucumber.testng.FeatureWrapper)[pri:0, instance:runner.TestRunner@5824a83d]" started-at="2024-03-10T01:12:55 HKT" name="runScenario" description="Runs Cucumber Scenarios" data-provider="scenarios" finished-at="2024-03-10T01:13:04 HKT" duration-ms="9366" status="PASS">
          <params>
            <param index="0">
              <value>
                <![CDATA["Search for some website and Click the first link"]]>
              </value>
            </param>
            <param index="1">
              <value>
                <![CDATA["Search Functionality of the Google Search Engine"]]>
              </value>
            </param>
          </params>
          <reporter-output>
          </reporter-output>
        </test-method> <!-- runScenario -->
        <test-method signature="runScenario(io.cucumber.testng.PickleWrapper,io.cucumber.testng.FeatureWrapper)[pri:0, instance:runner.TestRunner@5824a83d]" started-at="2024-03-10T01:13:04 HKT" name="runScenario" description="Runs Cucumber Scenarios" data-provider="scenarios" finished-at="2024-03-10T01:13:13 HKT" duration-ms="8471" status="PASS">
          <params>
            <param index="0">
              <value>
                <![CDATA["Search for some website and Click the first link"]]>
              </value>
            </param>
            <param index="1">
              <value>
                <![CDATA["Search Functionality of the Google Search Engine"]]>
              </value>
            </param>
          </params>
          <reporter-output>
          </reporter-output>
        </test-method> <!-- runScenario -->
        <test-method is-config="true" signature="tearDownClass()[pri:0, instance:runner.TestRunner@5824a83d]" started-at="2024-03-10T01:13:13 HKT" name="tearDownClass" finished-at="2024-03-10T01:13:17 HKT" duration-ms="4549" status="PASS">
          <reporter-output>
          </reporter-output>
        </test-method> <!-- tearDownClass -->
      </class> <!-- runner.TestRunner -->
    </test> <!-- Cucumber Tests -->
  </suite> <!-- Google Search Parallel Suite -->
</testng-results>
